0 info it worked if it ends with ok
1 verbose cli [ 'node', '/usr/local/bin/npm', 'update', '-g', 'bower' ]
2 info using npm@2.0.0
3 info using node@v0.10.30
4 verbose mapToRegistry name bower
5 verbose mapToRegistry uri https://registry.npmjs.org/bower
6 verbose request on initialization, where is /bower
7 verbose request after pass 1, where is /bower
8 verbose request url raw /bower
9 verbose request resolving registry [ 'https://registry.npmjs.org/', './bower' ]
10 verbose request after pass 2, where is https://registry.npmjs.org/bower
11 verbose request no auth needed
12 info attempt registry request try #1 at 21:29:04
13 verbose request id cd56ffd1f796e886
14 http request GET https://registry.npmjs.org/bower
15 http 200 https://registry.npmjs.org/bower
16 silly registry.get cb [ 200,
16 silly registry.get   { date: 'Sun, 04 Jan 2015 02:29:04 GMT',
16 silly registry.get     server: 'CouchDB/1.5.0 (Erlang OTP/R14B04)',
16 silly registry.get     etag: '"D3X3IVCHE03MMDYBSQBR8X5TF"',
16 silly registry.get     'content-type': 'application/json',
16 silly registry.get     'cache-control': 'max-age=60',
16 silly registry.get     'content-length': '105865',
16 silly registry.get     'accept-ranges': 'bytes',
16 silly registry.get     via: '1.1 varnish',
16 silly registry.get     age: '48',
16 silly registry.get     'x-served-by': 'cache-atl6220-ATL',
16 silly registry.get     'x-cache': 'HIT',
16 silly registry.get     'x-cache-hits': '2',
16 silly registry.get     'x-timer': 'S1420338544.597711,VS0,VE0',
16 silly registry.get     vary: 'Accept',
16 silly registry.get     'keep-alive': 'timeout=10, max=50',
16 silly registry.get     connection: 'Keep-Alive' } ]
17 info outdated updating [ [ '/usr/local/lib',
17 info outdated     'bower',
17 info outdated     '1.3.11',
17 info outdated     '1.3.12',
17 info outdated     '1.3.12',
17 info outdated     'latest' ] ]
18 verbose stack Error: Failed to parse json
18 verbose stack Unexpected end of input
18 verbose stack     at parseError (/usr/local/lib/node_modules/npm/node_modules/read-package-json/read-json.js:378:25)
18 verbose stack     at parseJson (/usr/local/lib/node_modules/npm/node_modules/read-package-json/read-json.js:85:51)
18 verbose stack     at /usr/local/lib/node_modules/npm/node_modules/read-package-json/read-json.js:59:33
18 verbose stack     at evalmachine.<anonymous>:271:14
18 verbose stack     at /usr/local/lib/node_modules/npm/node_modules/graceful-fs/graceful-fs.js:102:5
18 verbose stack     at Object.oncomplete (evalmachine.<anonymous>:107:15)
19 verbose cwd /Users/jaredlaser/sites/playground/racemap
20 error Darwin 14.0.0
21 error argv "node" "/usr/local/bin/npm" "update" "-g" "bower"
22 error node v0.10.30
23 error npm  v2.0.0
24 error file /usr/local/lib/node_modules/generator-mocha/node_modules/yeoman-generator/node_modules/cheerio/node_modules/dom-serializer/node_modules/domelementtype/package.json
25 error code EJSONPARSE
26 error Failed to parse json
26 error Unexpected end of input
27 error File: /usr/local/lib/node_modules/generator-mocha/node_modules/yeoman-generator/node_modules/cheerio/node_modules/dom-serializer/node_modules/domelementtype/package.json
28 error Failed to parse package.json data.
28 error package.json must be actual JSON, not just JavaScript.
28 error
28 error This is not a bug in npm.
28 error Tell the package author to fix their package.json file. JSON.parse
29 verbose exit [ 1, true ]
